<?xml version="1.0" encoding="UTF-8"?>
<!-- Generated by org.testng.reporters.JUnitReportReporter -->
<testsuite skipped="0" hostname="SILICUS253" name="Mavenjava.SeleniumTest" tests="2" failures="0" timestamp="12 Aug 2019 04:56:01 GMT" time="0.010" errors="0">
  <testcase name="browserAutomation" time="0.010" classname="Mavenjava.SeleniumTest"/>
  <testcase name="elementsOnUI" time="0.000" classname="Mavenjava.SeleniumTest"/>
</testsuite> <!-- Mavenjava.SeleniumTest -->
