<?xml version="1.0" encoding="UTF-8"?>
<!-- Generated by org.testng.reporters.JUnitReportReporter -->
<testsuite skipped="0" hostname="SILICUS253" name="Mavenjava.AppiumTest" tests="2" failures="0" timestamp="12 Aug 2019 04:56:01 GMT" time="0.002" errors="0">
  <testcase name="nativeAppAndroid" time="0.001" classname="Mavenjava.AppiumTest"/>
  <testcase name="iosApp" time="0.001" classname="Mavenjava.AppiumTest"/>
</testsuite> <!-- Mavenjava.AppiumTest -->
